Using pre-set license
Built from '2020.2/release' branch; Version is '2020.2.1f1 (270dd8c3da1c) revision 2559448'; Using compiler version '192528614'; Build Type 'Release'
OS: 'Windows 7  (6.1.0) 64bit' Language: 'ru' Physical Memory: 16345 MB
BatchMode: 1, IsHumanControllingUs: 0, StartBugReporterOnCrash: 0, Is64bit: 1, IsPro: 0

 COMMAND LINE ARGUMENTS:
D:\projects\2020.2.1f1\Editor\Unity.exe
-adb2
-batchMode
-noUpm
-name
AssetImportWorker0
-projectPath
D:/projects/SwapObjects
-logFile
Logs/AssetImportWorker0.log
-srvPort
58487
Successfully changed project path to: D:/projects/SwapObjects
D:/projects/SwapObjects
Using Asset Import Pipeline V2.
Refreshing native plugins compatible for Editor in 60.83 ms, found 0 plugins.
Preloading 0 native plugins for Editor in 0.00 ms.
Initialize engine version: 2020.2.1f1 (270dd8c3da1c)
[Subsystems] Discovering subsystems at path D:/projects/2020.2.1f1/Editor/Data/Resources/UnitySubsystems
[Subsystems] Discovering subsystems at path D:/projects/SwapObjects/Assets
GfxDevice: creating device client; threaded=0
d3d11: CreateDXGIFactory2(...) not found, fallbacking to CreateDXGIFactory1(...).
d3d11: QueryInterface(IDXGIFactory5) failed (80004002).
Direct3D:
    Version:  Direct3D 11.0 [level 11.0]
    Renderer: NVIDIA GeForce GTX 1060 3GB (ID=0x1c02)
    Vendor:   
    VRAM:     2977 MB
    Driver:   30.0.14.7304
Initialize mono
Mono path[0] = 'D:/projects/2020.2.1f1/Editor/Data/Managed'
Mono path[1] = 'D:/projects/2020.2.1f1/Editor/Data/MonoBleedingEdge/lib/mono/unityjit'
Mono config path = 'D:/projects/2020.2.1f1/Editor/Data/MonoBleedingEdge/etc'
Using monoOptions --debugger-agent=transport=dt_socket,embedding=1,server=y,suspend=n,address=127.0.0.1:56156
Begin MonoManager ReloadAssembly
Registering precompiled unity dll's ...
Register platform support module: D:/projects/2020.2.1f1/Editor/Data/PlaybackEngines/WebGLSupport/UnityEditor.WebGL.Extensions.dll
Register platform support module: D:/projects/2020.2.1f1/Editor/Data/PlaybackEngines/WindowsStandaloneSupport/UnityEditor.WindowsStandalone.Extensions.dll
Registered in 0.000770 seconds.
Native extension for WindowsStandalone target not found
Native extension for WebGL target not found
Refreshing native plugins compatible for Editor in 41.49 ms, found 0 plugins.
Preloading 0 native plugins for Editor in 0.00 ms.
Invoked RoslynAnalysisRunner static constructor.
RoslynAnalysisRunner will not be running.
RoslynAnalysisRunner has terminated.
Mono: successfully reloaded assembly
- Completed reload, in  3.636 seconds
Platform modules already initialized, skipping
Registering precompiled user dll's ...
Registered in 0.003449 seconds.
Begin MonoManager ReloadAssembly
Native extension for WindowsStandalone target not found
Native extension for WebGL target not found
Refreshing native plugins compatible for Editor in 1.34 ms, found 0 plugins.
Preloading 0 native plugins for Editor in 0.00 ms.
Invoked RoslynAnalysisRunner static constructor.
RoslynAnalysisRunner will not be running.
RoslynAnalysisRunner has terminated.
Mono: successfully reloaded assembly
- Completed reload, in  0.963 seconds
Platform modules already initialized, skipping
========================================================================
Worker process is ready to serve import requests
Launched and connected shader compiler UnityShaderCompiler.exe after 0.02 seconds
Refreshing native plugins compatible for Editor in 1.26 ms, found 0 plugins.
Preloading 0 native plugins for Editor in 0.00 ms.
Unloading 1609 Unused Serialized files (Serialized files now loaded: 0)
System memory in use before: 73.2 MB.
System memory in use after: 73.3 MB.

Unloading 152 unused Assets to reduce memory usage. Loaded Objects now: 1960.
Total: 1.918377 ms (FindLiveObjects: 0.173605 ms CreateObjectMapping: 0.053857 ms MarkObjects: 1.638865 ms  DeleteObjects: 0.050547 ms)

========================================================================
Received Import Request.
  path: Assets/GoogleMobileAds/Resources
  artifactKey: Guid(6054a2f002325984eb244708f5507da3) Importer(815301076,1909f56bfc062723c751e8b465ee728b)
Start importing Assets/GoogleMobileAds/Resources using Guid(6054a2f002325984eb244708f5507da3) Importer(815301076,1909f56bfc062723c751e8b465ee728b)  -> (artifact id: '5467b588b4d81982a31f36dd7eb19c4f') in 0.004300 seconds
  Import took 0.006952 seconds .

========================================================================
Received Import Request.
  Time since last request: 0.000142 seconds.
  path: Assets/GoogleMobileAds/Editor
  artifactKey: Guid(bbbe139330708a14cb1a5bef89dfa7f1) Importer(815301076,1909f56bfc062723c751e8b465ee728b)
Start importing Assets/GoogleMobileAds/Editor using Guid(bbbe139330708a14cb1a5bef89dfa7f1) Importer(815301076,1909f56bfc062723c751e8b465ee728b)  -> (artifact id: '608d212ea3e6590018d9e7261430bfe5') in 0.001339 seconds
  Import took 0.003680 seconds .

========================================================================
Received Import Request.
  Time since last request: 9.852750 seconds.
  path: Assets/ExternalDependencyManager
  artifactKey: Guid(73c3431c9f38d4748ae86fd4c335d087) Importer(815301076,1909f56bfc062723c751e8b465ee728b)
Start importing Assets/ExternalDependencyManager using Guid(73c3431c9f38d4748ae86fd4c335d087) Importer(815301076,1909f56bfc062723c751e8b465ee728b)  -> (artifact id: 'f1857893748ed8b5f7802f11195d772c') in 0.001451 seconds
  Import took 0.004059 seconds .

========================================================================
Received Import Request.
  Time since last request: 0.004169 seconds.
  path: Assets/ExternalDependencyManager
  artifactKey: Guid(73c3431c9f38d4748ae86fd4c335d087) Importer(815301076,1909f56bfc062723c751e8b465ee728b)
Start importing Assets/ExternalDependencyManager using Guid(73c3431c9f38d4748ae86fd4c335d087) Importer(815301076,1909f56bfc062723c751e8b465ee728b)  -> (artifact id: 'f1857893748ed8b5f7802f11195d772c') in 0.001561 seconds
  Import took 0.004148 seconds .

========================================================================
Received Import Request.
  Time since last request: 0.934043 seconds.
  path: Assets/ExternalDependencyManager/Editor
  artifactKey: Guid(efee3fb334f21044984cdc61d5d33c25) Importer(815301076,1909f56bfc062723c751e8b465ee728b)
Start importing Assets/ExternalDependencyManager/Editor using Guid(efee3fb334f21044984cdc61d5d33c25) Importer(815301076,1909f56bfc062723c751e8b465ee728b)  -> (artifact id: 'f2c5e3242cc3619f919e8cb79fd06ea7') in 0.001324 seconds
  Import took 0.003909 seconds .

========================================================================
Received Import Request.
  Time since last request: 0.004288 seconds.
  path: Assets/ExternalDependencyManager/Editor
  artifactKey: Guid(efee3fb334f21044984cdc61d5d33c25) Importer(815301076,1909f56bfc062723c751e8b465ee728b)
Start importing Assets/ExternalDependencyManager/Editor using Guid(efee3fb334f21044984cdc61d5d33c25) Importer(815301076,1909f56bfc062723c751e8b465ee728b)  -> (artifact id: 'f2c5e3242cc3619f919e8cb79fd06ea7') in 0.001315 seconds
  Import took 0.003922 seconds .

========================================================================
Received Import Request.
  Time since last request: 4.085197 seconds.
  path: Assets/Plugins
  artifactKey: Guid(dde42c58c2651d74cbb8d993a4a858c9) Importer(815301076,1909f56bfc062723c751e8b465ee728b)
Start importing Assets/Plugins using Guid(dde42c58c2651d74cbb8d993a4a858c9) Importer(815301076,1909f56bfc062723c751e8b465ee728b)  -> (artifact id: 'b6b1425af81ccd86e92cff0ff77f6414') in 0.001683 seconds
  Import took 0.004321 seconds .

========================================================================
Received Import Request.
  Time since last request: 0.000423 seconds.
  path: Assets/Plugins
  artifactKey: Guid(dde42c58c2651d74cbb8d993a4a858c9) Importer(815301076,1909f56bfc062723c751e8b465ee728b)
Start importing Assets/Plugins using Guid(dde42c58c2651d74cbb8d993a4a858c9) Importer(815301076,1909f56bfc062723c751e8b465ee728b)  -> (artifact id: 'b6b1425af81ccd86e92cff0ff77f6414') in 0.001330 seconds
  Import took 0.003904 seconds .

========================================================================
Received Import Request.
  Time since last request: 1.007046 seconds.
  path: Assets/Plugins/Android
  artifactKey: Guid(f5482de70c8a4ef4ba4e1d60e33d3248) Importer(815301076,1909f56bfc062723c751e8b465ee728b)
Start importing Assets/Plugins/Android using Guid(f5482de70c8a4ef4ba4e1d60e33d3248) Importer(815301076,1909f56bfc062723c751e8b465ee728b)  -> (artifact id: '1ff653d701e9bb078b2e729baf16dfbc') in 0.001423 seconds
  Import took 0.004205 seconds .

========================================================================
Received Import Request.
  Time since last request: 0.001341 seconds.
  path: Assets/Plugins/Android
  artifactKey: Guid(f5482de70c8a4ef4ba4e1d60e33d3248) Importer(815301076,1909f56bfc062723c751e8b465ee728b)
Start importing Assets/Plugins/Android using Guid(f5482de70c8a4ef4ba4e1d60e33d3248) Importer(815301076,1909f56bfc062723c751e8b465ee728b)  -> (artifact id: '1ff653d701e9bb078b2e729baf16dfbc') in 0.001512 seconds
  Import took 0.004274 seconds .

========================================================================
Received Import Request.
  Time since last request: 5.569879 seconds.
  path: Assets/Plugins/Android/GoogleMobileAdsPlugin.androidlib
  artifactKey: Guid(fb0098bbe17a3654795813162d07d187) Importer(815301076,1909f56bfc062723c751e8b465ee728b)
Start importing Assets/Plugins/Android/GoogleMobileAdsPlugin.androidlib using Guid(fb0098bbe17a3654795813162d07d187) Importer(815301076,1909f56bfc062723c751e8b465ee728b)  -> (artifact id: '7b531bb02563ac822fb56202b2299a7b') in 0.001697 seconds
  Import took 0.004331 seconds .

========================================================================
Received Import Request.
  Time since last request: 0.029292 seconds.
  path: Assets/Plugins/Android/GoogleMobileAdsPlugin.androidlib
  artifactKey: Guid(fb0098bbe17a3654795813162d07d187) Importer(815301076,1909f56bfc062723c751e8b465ee728b)
Start importing Assets/Plugins/Android/GoogleMobileAdsPlugin.androidlib using Guid(fb0098bbe17a3654795813162d07d187) Importer(815301076,1909f56bfc062723c751e8b465ee728b)  -> (artifact id: '7b531bb02563ac822fb56202b2299a7b') in 0.001446 seconds
  Import took 0.003959 seconds .

========================================================================
Received Import Request.
  Time since last request: 1.203386 seconds.
  path: Assets/Plugins/Android/GoogleMobileAdsPlugin.androidlib/project.properties
  artifactKey: Guid(1d06ef613dfec4baa88b56aeef69cd9c) Importer(815301076,1909f56bfc062723c751e8b465ee728b)
Start importing Assets/Plugins/Android/GoogleMobileAdsPlugin.androidlib/project.properties using Guid(1d06ef613dfec4baa88b56aeef69cd9c) Importer(815301076,1909f56bfc062723c751e8b465ee728b)  -> (artifact id: '37ebedd5632526ea5af4aff1a4a067b0') in 0.019136 seconds
  Import took 0.021812 seconds .

========================================================================
Received Import Request.
  Time since last request: 0.704253 seconds.
  path: Assets/Plugins/Android/GoogleMobileAdsPlugin.androidlib/AndroidManifest.xml
  artifactKey: Guid(e869b36b657604102a7166a39ee7d9c9) Importer(815301076,1909f56bfc062723c751e8b465ee728b)
Start importing Assets/Plugins/Android/GoogleMobileAdsPlugin.androidlib/AndroidManifest.xml using Guid(e869b36b657604102a7166a39ee7d9c9) Importer(815301076,1909f56bfc062723c751e8b465ee728b)  -> (artifact id: '1cb014e1e75956dbd89972dfab21a724') in 0.003037 seconds
  Import took 0.005657 seconds .

========================================================================
Received Import Request.
  Time since last request: 0.000347 seconds.
  path: Assets/Plugins/Android/GoogleMobileAdsPlugin.androidlib/AndroidManifest.xml
  artifactKey: Guid(e869b36b657604102a7166a39ee7d9c9) Importer(815301076,1909f56bfc062723c751e8b465ee728b)
Start importing Assets/Plugins/Android/GoogleMobileAdsPlugin.androidlib/AndroidManifest.xml using Guid(e869b36b657604102a7166a39ee7d9c9) Importer(815301076,1909f56bfc062723c751e8b465ee728b)  -> (artifact id: '1cb014e1e75956dbd89972dfab21a724') in 0.001779 seconds
  Import took 0.004239 seconds .

========================================================================
Received Prepare
Refreshing native plugins compatible for Editor in 20.21 ms, found 0 plugins.
Preloading 0 native plugins for Editor in 0.00 ms.
Unloading 143 Unused Serialized files (Serialized files now loaded: 0)
System memory in use before: 44.2 MB.
System memory in use after: 44.3 MB.

Unloading 142 unused Assets to reduce memory usage. Loaded Objects now: 1960.
Total: 2.052267 ms (FindLiveObjects: 0.145623 ms CreateObjectMapping: 0.050246 ms MarkObjects: 1.816381 ms  DeleteObjects: 0.039114 ms)

========================================================================
Received Import Request.
  Time since last request: 331.599826 seconds.
  path: Assets/Plugins/Android/mainTemplate.gradle.DISABLED
  artifactKey: Guid(8b20bf2cbbd75d847ac128f3dab32322) Importer(815301076,1909f56bfc062723c751e8b465ee728b)
Start importing Assets/Plugins/Android/mainTemplate.gradle.DISABLED using Guid(8b20bf2cbbd75d847ac128f3dab32322) Importer(815301076,1909f56bfc062723c751e8b465ee728b)  -> (artifact id: '894b89d777cbd1ae1ab60c5ff7b72414') in 0.003603 seconds
  Import took 0.006373 seconds .

========================================================================
Received Import Request.
  Time since last request: 0.003356 seconds.
  path: Assets/Plugins/Android/mainTemplate.gradle.DISABLED
  artifactKey: Guid(8b20bf2cbbd75d847ac128f3dab32322) Importer(815301076,1909f56bfc062723c751e8b465ee728b)
Start importing Assets/Plugins/Android/mainTemplate.gradle.DISABLED using Guid(8b20bf2cbbd75d847ac128f3dab32322) Importer(815301076,1909f56bfc062723c751e8b465ee728b)  -> (artifact id: '894b89d777cbd1ae1ab60c5ff7b72414') in 0.002062 seconds
  Import took 0.005227 seconds .

========================================================================
Received Import Request.
  Time since last request: 2.148489 seconds.
  path: Assets/Plugins/Android/javax.inject.javax.inject-1.jar
  artifactKey: Guid(f49934d95fadc7b4ba175c78b7d2ce02) Importer(815301076,1909f56bfc062723c751e8b465ee728b)
Start importing Assets/Plugins/Android/javax.inject.javax.inject-1.jar using Guid(f49934d95fadc7b4ba175c78b7d2ce02) Importer(815301076,1909f56bfc062723c751e8b465ee728b)  -> (artifact id: '0805e8e57fbe4db8b52b9649a2b6f1e0') in 0.004794 seconds
  Import took 0.008089 seconds .

========================================================================
Received Import Request.
  Time since last request: 0.019644 seconds.
  path: Assets/Plugins/Android/javax.inject.javax.inject-1.jar
  artifactKey: Guid(f49934d95fadc7b4ba175c78b7d2ce02) Importer(815301076,1909f56bfc062723c751e8b465ee728b)
Start importing Assets/Plugins/Android/javax.inject.javax.inject-1.jar using Guid(f49934d95fadc7b4ba175c78b7d2ce02) Importer(815301076,1909f56bfc062723c751e8b465ee728b)  -> (artifact id: '0805e8e57fbe4db8b52b9649a2b6f1e0') in 0.001798 seconds
  Import took 0.004544 seconds .

========================================================================
Received Import Request.
  Time since last request: 22.205033 seconds.
  path: Assets/Plugins/Android/androidx.vectordrawable.vectordrawable-animated-1.1.0.aar
  artifactKey: Guid(bd5186bd97034854f985035b786877b1) Importer(815301076,1909f56bfc062723c751e8b465ee728b)
Start importing Assets/Plugins/Android/androidx.vectordrawable.vectordrawable-animated-1.1.0.aar using Guid(bd5186bd97034854f985035b786877b1) Importer(815301076,1909f56bfc062723c751e8b465ee728b)  -> (artifact id: 'e7349cf715f369ea4a83728fd6fe2ad0') in 0.003327 seconds
  Import took 0.006039 seconds .

========================================================================
Received Import Request.
  Time since last request: 0.000683 seconds.
  path: Assets/Plugins/Android/androidx.vectordrawable.vectordrawable-animated-1.1.0.aar
  artifactKey: Guid(bd5186bd97034854f985035b786877b1) Importer(815301076,1909f56bfc062723c751e8b465ee728b)
Start importing Assets/Plugins/Android/androidx.vectordrawable.vectordrawable-animated-1.1.0.aar using Guid(bd5186bd97034854f985035b786877b1) Importer(815301076,1909f56bfc062723c751e8b465ee728b)  -> (artifact id: 'e7349cf715f369ea4a83728fd6fe2ad0') in 0.001740 seconds
  Import took 0.004589 seconds .

========================================================================
Received Prepare
Refreshing native plugins compatible for Editor in 20.69 ms, found 0 plugins.
Preloading 0 native plugins for Editor in 0.00 ms.
Unloading 143 Unused Serialized files (Serialized files now loaded: 0)
System memory in use before: 44.4 MB.
System memory in use after: 44.5 MB.

Unloading 142 unused Assets to reduce memory usage. Loaded Objects now: 1960.
Total: 2.314028 ms (FindLiveObjects: 0.172702 ms CreateObjectMapping: 0.050246 ms MarkObjects: 1.993897 ms  DeleteObjects: 0.095076 ms)

========================================================================
Received Import Request.
  Time since last request: 90.977005 seconds.
  path: Assets/Plugins/Android/com.google.android.gms.play-services-appset-16.0.2.aar
  artifactKey: Guid(d27526f0b16c6f74a9359061999df858) Importer(815301076,1909f56bfc062723c751e8b465ee728b)
Start importing Assets/Plugins/Android/com.google.android.gms.play-services-appset-16.0.2.aar using Guid(d27526f0b16c6f74a9359061999df858) Importer(815301076,1909f56bfc062723c751e8b465ee728b)  -> (artifact id: 'ee8cfc7cf87a0a4f1c82381132c847c8') in 0.003237 seconds
  Import took 0.005923 seconds .

========================================================================
Received Import Request.
  Time since last request: 0.000592 seconds.
  path: Assets/Plugins/Android/com.google.android.gms.play-services-appset-16.0.2.aar
  artifactKey: Guid(d27526f0b16c6f74a9359061999df858) Importer(815301076,1909f56bfc062723c751e8b465ee728b)
Start importing Assets/Plugins/Android/com.google.android.gms.play-services-appset-16.0.2.aar using Guid(d27526f0b16c6f74a9359061999df858) Importer(815301076,1909f56bfc062723c751e8b465ee728b)  -> (artifact id: 'ee8cfc7cf87a0a4f1c82381132c847c8') in 0.001977 seconds
  Import took 0.004804 seconds .

========================================================================
Received Prepare
Registering precompiled user dll's ...
Registered in 0.008733 seconds.
Begin MonoManager ReloadAssembly
Native extension for WindowsStandalone target not found
Native extension for WebGL target not found
Refreshing native plugins compatible for Editor in 1.42 ms, found 0 plugins.
Preloading 0 native plugins for Editor in 0.00 ms.
Invoked RoslynAnalysisRunner static constructor.
RoslynAnalysisRunner will not be running.
RoslynAnalysisRunner has terminated.
Mono: successfully reloaded assembly
- Completed reload, in  1.023 seconds
Platform modules already initialized, skipping
Refreshing native plugins compatible for Editor in 1.41 ms, found 0 plugins.
Preloading 0 native plugins for Editor in 0.00 ms.
Unloading 1603 Unused Serialized files (Serialized files now loaded: 0)
System memory in use before: 73.4 MB.
System memory in use after: 73.5 MB.

Unloading 144 unused Assets to reduce memory usage. Loaded Objects now: 1963.
Total: 2.575187 ms (FindLiveObjects: 0.172401 ms CreateObjectMapping: 0.050547 ms MarkObjects: 2.290560 ms  DeleteObjects: 0.059874 ms)

========================================================================
Received Import Request.
  Time since last request: 40.682318 seconds.
  path: Assets/Plugins/Android/androidx.versionedparcelable.versionedparcelable-1.1.1.aar
  artifactKey: Guid(927b0109a79a7a0438b8b855fb1620d6) Importer(815301076,1909f56bfc062723c751e8b465ee728b)
Start importing Assets/Plugins/Android/androidx.versionedparcelable.versionedparcelable-1.1.1.aar using Guid(927b0109a79a7a0438b8b855fb1620d6) Importer(815301076,1909f56bfc062723c751e8b465ee728b)  -> (artifact id: '0c8fd6ac2a9ab79ac1d36792ed3ca4c1') in 0.012770 seconds
  Import took 0.015626 seconds .

========================================================================
Received Prepare
Refreshing native plugins compatible for Editor in 22.23 ms, found 0 plugins.
Preloading 0 native plugins for Editor in 0.00 ms.
Unloading 146 Unused Serialized files (Serialized files now loaded: 0)
System memory in use before: 44.8 MB.
System memory in use after: 44.9 MB.

Unloading 142 unused Assets to reduce memory usage. Loaded Objects now: 1963.
Total: 2.456041 ms (FindLiveObjects: 0.165180 ms CreateObjectMapping: 0.049945 ms MarkObjects: 2.184652 ms  DeleteObjects: 0.054759 ms)

AssetImportWorkerClient::OnTransportError - code=2 error=End of file
